
> compile
> npx rbxtsc --verbose --type=model

copy include files ( 3 ms )
copy non-compiled files ( 6 ms )
compiling as model..
  1/134 compile src\utils\binding-util.ts ( 33 ms )
  2/134 compile src\components\Canvas.tsx ( 57 ms )
  3/134 compile src\components\Glow.tsx ( 38 ms )
  4/134 compile src\views\Clock\Clock.tsx ( 58 ms )
  5/134 compile src\views\Clock\index.ts ( 1 ms )
  6/134 compile src\views\Dashboard\Dashboard.tsx ( 15 ms )
  7/134 compile src\views\Dashboard\index.ts ( 0 ms )
  8/134 compile src\App.tsx ( 6 ms )
  9/134 compile src\main.client.tsx ( 40 ms )
 10/134 compile src\views\Dashboard\Dashboard.story.tsx ( 2 ms )
 11/134 compile src\views\Navbar\Navbar.tsx ( 23 ms )
 12/134 compile src\views\Navbar\index.ts ( 0 ms )
 13/134 compile src\views\Navbar\Navbar.story.tsx ( 2 ms )
 14/134 compile src\components\Card.tsx ( 6 ms )
 15/134 compile src\views\Pages\Apps\Players\Players.tsx ( 4 ms )
 16/134 compile src\views\Pages\Apps\Players\index.ts ( 0 ms )
 17/134 compile src\views\Pages\Apps\Apps.tsx ( 5 ms )
 18/134 compile src\views\Pages\Apps\index.ts ( 1 ms )
 19/134 compile src\views\Pages\Pages.tsx ( 3 ms )
 20/134 compile src\views\Pages\index.ts ( 1 ms )
 21/134 compile src\views\Pages\Home\FriendActivity\FriendActivity.tsx ( 44 ms )
 22/134 compile src\views\Pages\Home\FriendActivity\index.ts ( 0 ms )
 23/134 compile src\views\Pages\Home\Home.tsx ( 3 ms )
 24/134 compile src\views\Pages\Home\index.ts ( 1 ms )
 25/134 compile src\views\Pages\Home\Profile\Profile.tsx ( 3 ms )
 26/134 compile src\views\Pages\Home\Profile\index.ts ( 1 ms )
 27/134 compile src\views\Pages\Home\Server\Server.tsx ( 8 ms )
 28/134 compile src\views\Pages\Home\Server\index.ts ( 0 ms )
 29/134 compile src\views\Pages\Home\Title.tsx ( 14 ms )
 30/134 compile src\views\Pages\Options\Config\Config.tsx ( 4 ms )
 31/134 compile src\views\Pages\Options\Config\index.ts ( 0 ms )
 32/134 compile src\views\Pages\Options\Options.tsx ( 3 ms )
 33/134 compile src\views\Pages\Options\index.ts ( 0 ms )
 34/134 compile src\views\Pages\Options\Shortcuts\Shortcuts.tsx ( 8 ms )
 35/134 compile src\views\Pages\Options\Shortcuts\index.ts ( 1 ms )
 36/134 compile src\views\Pages\Options\Themes\Themes.tsx ( 6 ms )
 37/134 compile src\views\Pages\Options\Themes\index.ts ( 0 ms )
 38/134 compile src\components\BrightButton.tsx ( 18 ms )
 39/134 compile src\components\ActionButton.tsx ( 9 ms )
 40/134 compile src\views\Pages\Apps\Players\Actions.tsx ( 2 ms )
 41/134 compile src\views\Pages\Home\Profile\Actions.tsx ( 2 ms )
 42/134 compile src\views\Pages\Home\Profile\Sliders.tsx ( 13 ms )
 43/134 compile src\views\Pages\Home\Server\ServerAction.tsx ( 5 ms )
 44/134 compile src\views\Pages\Apps\Players\Selection.tsx ( 27 ms )
 45/134 compile src\components\BrightSlider.tsx ( 20 ms )
 46/134 compile src\views\Pages\Options\Config\ConfigItem.tsx ( 11 ms )
 47/134 compile src\views\Pages\Options\Shortcuts\ShortcutItem.tsx ( 38 ms )
 48/134 compile src\views\Pages\Options\Themes\ThemeItem.tsx ( 21 ms )
 49/134 compile src\views\Pages\Apps\Players\Avatar.tsx ( 5 ms )
 50/134 compile src\views\Pages\Apps\Players\Username.tsx ( 3 ms )
 51/134 compile src\views\Pages\Home\FriendActivity\FriendItem.tsx ( 10 ms )
 52/134 compile src\views\Pages\Home\FriendActivity\GameItem.tsx ( 10 ms )
 53/134 compile src\views\Pages\Home\Profile\Avatar.tsx ( 3 ms )
 54/134 compile src\views\Pages\Home\Profile\Info.tsx ( 9 ms )
 55/134 compile src\views\Pages\Home\Profile\Username.tsx ( 5 ms )
 56/134 compile src\views\Pages\Scripts\Content.tsx ( 6 ms )
 57/134 compile src\views\Pages\Scripts\Scripts.tsx ( 9 ms )
 58/134 compile src\views\Pages\Scripts\index.ts ( 0 ms )
 59/134 compile src\views\Pages\Scripts\ScriptCard.tsx ( 14 ms )
 60/134 compile src\components\Border.tsx ( 4 ms )
 61/134 compile src\components\Fill.tsx ( 2 ms )
 62/134 compile src\components\ParallaxImage.tsx ( 2 ms )
 63/134 compile src\context\scale-context.ts ( 0 ms )
 64/134 compile src\hooks\use-scale.ts ( 3 ms )
 65/134 compile src\views\Hint\Hint.tsx ( 4 ms )
 66/134 compile src\views\Hint\index.ts ( 0 ms )
 67/134 compile src\hooks\common\rodux-hooks.ts ( 1 ms )
 68/134 compile src\components\Acrylic\Acrylic.tsx ( 24 ms )
 69/134 compile src\components\Acrylic\index.ts ( 1 ms )
 70/134 compile src\components\Acrylic\Acrylic.story.tsx ( 3 ms )
 71/134 compile src\hooks\use-theme.ts ( 2 ms )
 72/134 compile src\views\Navbar\NavbarTab.tsx ( 8 ms )
 73/134 compile src\views\Pages\Home\Server\StatusLabel.tsx ( 5 ms )
 74/134 compile src\hooks\use-current-page.ts ( 0 ms )
 75/134 compile src\hooks\common\flipper-hooks\get-binding.ts ( 3 ms )
 76/134 compile src\hooks\common\use-spring.ts ( 1 ms )
 77/134 compile src\hooks\common\flipper-hooks\use-instant.ts ( 0 ms )
 78/134 compile src\hooks\common\flipper-hooks\index.ts ( 1 ms )
 79/134 compile src\hooks\use-parallax-offset.ts ( 1 ms )
 80/134 compile src\hooks\common\flipper-hooks\use-linear.ts ( 1 ms )
 81/134 compile src\hooks\common\flipper-hooks\use-spring.ts ( 1 ms )
 82/134 compile src\hooks\common\flipper-hooks\use-motor.ts ( 1 ms )
 83/134 compile src\hooks\common\use-viewport-size.ts ( 7 ms )
 84/134 compile src\hooks\common\use-delayed-update.ts ( 5 ms )
 85/134 compile src\hooks\common\use-interval.ts ( 1 ms )
 86/134 compile src\hooks\common\use-promise.ts ( 6 ms )
 87/134 compile src\hooks\use-friends.ts ( 3 ms )
 88/134 compile src\hooks\common\use-mouse-location.ts ( 1 ms )
 89/134 compile src\hooks\common\use-did-mount.ts ( 1 ms )
 90/134 compile src\hooks\common\use-forced-update.ts ( 0 ms )
 91/134 compile src\hooks\common\use-set-state.ts ( 2 ms )
 92/134 compile src\store\slices\dashboard.ts ( 2 ms )
 93/134 compile src\store\slices\index.ts ( 1 ms )
 94/134 compile src\store\store.ts ( 0 ms )
 95/134 compile src\jobs\helpers\job-store.ts ( 5 ms )
 96/134 compile src\store\persistent-state.ts ( 3 ms )
 97/134 compile src\store\slices\options.ts ( 3 ms )
 98/134 compile src\jobs\index.ts ( 0 ms )
 99/134 compile src\jobs\acrylic.client.ts ( 8 ms )
100/134 compile src\jobs\freecam.client.ts ( 1 ms )
101/134 compile src\jobs\server.client.ts ( 7 ms )
102/134 compile src\jobs\character\flight.client.ts ( 12 ms )
103/134 compile src\jobs\character\ghost.client.ts ( 15 ms )
104/134 compile src\jobs\character\godmode.client.ts ( 6 ms )
105/134 compile src\jobs\character\humanoid.client.ts ( 9 ms )
106/134 compile src\jobs\character\refresh.client.ts ( 4 ms )
107/134 compile src\jobs\helpers\get-selected-player.ts ( 2 ms )
108/134 compile src\jobs\players\hide.client.ts ( 4 ms )
109/134 compile src\jobs\players\kill.client.ts ( 12 ms )
110/134 compile src\jobs\players\spectate.client.ts ( 4 ms )
111/134 compile src\jobs\players\teleport.client.ts ( 3 ms )
112/134 compile src\store\slices\jobs.ts ( 2 ms )
113/134 compile src\hooks\common\flipper-hooks\use-goal.ts ( 0 ms )
114/134 compile src\utils\udim2.ts ( 0 ms )
115/134 compile src\store\models\dashboard.model.ts ( 1 ms )
116/134 compile src\store\models\jobs.model.ts ( 1 ms )
117/134 compile src\store\models\options.model.ts ( 0 ms )
118/134 compile src\utils\timeout.ts ( 5 ms )
119/134 compile src\utils\http.ts ( 2 ms )
120/134 compile src\utils\color3.ts ( 3 ms )
121/134 compile src\themes\dark-theme.ts ( 8 ms )
122/134 compile src\themes\frosted-glass.ts ( 7 ms )
123/134 compile src\themes\index.ts ( 1 ms )
124/134 compile src\themes\high-contrast.ts ( 7 ms )
125/134 compile src\themes\light-theme.ts ( 5 ms )
126/134 compile src\themes\obsidian.ts ( 8 ms )
127/134 compile src\themes\sorbet.ts ( 8 ms )
128/134 compile src\utils\number-util.ts ( 1 ms )
129/134 compile src\components\Acrylic\acrylic-instance.ts ( 50 ms )
130/134 compile src\themes\theme.interface.ts ( 1 ms )
131/134 compile src\constants.ts ( 0 ms )
132/134 compile src\utils\array-util.ts ( 1 ms )
133/134 compile src\views\Pages\Scripts\constants.ts ( 0 ms )
134/134 compile src\utils\debug.ts ( 0 ms )
writing compiled files ( 24 ms )
